Using pre-set license
Built from '2020.3/staging' branch; Version is '2020.3.4f1 (0abb6314276a) revision 703331'; Using compiler version '192528614'; Build Type 'Release'
OS: 'Windows 10 Pro; OS build 19042.804; Version 2009; 64bit' Language: 'ko' Physical Memory: 16239 MB
BatchMode: 1, IsHumanControllingUs: 0, StartBugReporterOnCrash: 0, Is64bit: 1, IsPro: 0

 COMMAND LINE ARGUMENTS:
C:\Program Files\Unity\Hub\Editor\2020.3.4f1\Editor\Unity.exe
-adb2
-batchMode
-noUpm
-name
AssetImportWorker0
-projectPath
D:/Unity/Map
-logFile
Logs/AssetImportWorker0.log
-srvPort
63291
Successfully changed project path to: D:/Unity/Map
D:/Unity/Map
Using Asset Import Pipeline V2.
Refreshing native plugins compatible for Editor in 26.00 ms, found 0 plugins.
Preloading 0 native plugins for Editor in 0.00 ms.
Initialize engine version: 2020.3.4f1 (0abb6314276a)
[Subsystems] Discovering subsystems at path C:/Program Files/Unity/Hub/Editor/2020.3.4f1/Editor/Data/Resources/UnitySubsystems
[Subsystems] Discovering subsystems at path D:/Unity/Map/Assets
GfxDevice: creating device client; threaded=0
Direct3D:
    Version:  Direct3D 11.0 [level 11.1]
    Renderer: NVIDIA GeForce GTX 1060 (ID=0x1c20)
    Vendor:   
    VRAM:     6052 MB
    Driver:   27.21.14.6172
Initialize mono
Mono path[0] = 'C:/Program Files/Unity/Hub/Editor/2020.3.4f1/Editor/Data/Managed'
Mono path[1] = 'C:/Program Files/Unity/Hub/Editor/2020.3.4f1/Editor/Data/MonoBleedingEdge/lib/mono/unityjit'
Mono config path = 'C:/Program Files/Unity/Hub/Editor/2020.3.4f1/Editor/Data/MonoBleedingEdge/etc'
Using monoOptions --debugger-agent=transport=dt_socket,embedding=1,server=y,suspend=n,address=127.0.0.1:56168
Begin MonoManager ReloadAssembly
Registering precompiled unity dll's ...
Register platform support module: C:/Program Files/Unity/Hub/Editor/2020.3.4f1/Editor/Data/PlaybackEngines/WindowsStandaloneSupport/UnityEditor.WindowsStandalone.Extensions.dll
Registered in 0.001828 seconds.
Native extension for WindowsStandalone target not found
Refreshing native plugins compatible for Editor in 25.98 ms, found 0 plugins.
Preloading 0 native plugins for Editor in 0.00 ms.
Mono: successfully reloaded assembly
- Completed reload, in  1.813 seconds
Platform modules already initialized, skipping
Registering precompiled user dll's ...
Registered in 0.000521 seconds.
Begin MonoManager ReloadAssembly
Native extension for WindowsStandalone target not found
Refreshing native plugins compatible for Editor in 0.21 ms, found 0 plugins.
Preloading 0 native plugins for Editor in 0.00 ms.
Mono: successfully reloaded assembly
- Completed reload, in  0.842 seconds
Platform modules already initialized, skipping
========================================================================
Worker process is ready to serve import requests
Launched and connected shader compiler UnityShaderCompiler.exe after 0.04 seconds
Refreshing native plugins compatible for Editor in 0.28 ms, found 0 plugins.
Preloading 0 native plugins for Editor in 0.00 ms.
Unloading 1242 Unused Serialized files (Serialized files now loaded: 0)
System memory in use before: 90.6 MB.
System memory in use after: 90.2 MB.

Unloading 12 unused Assets to reduce memory usage. Loaded Objects now: 1707.
Total: 3.420600 ms (FindLiveObjects: 0.208000 ms CreateObjectMapping: 0.097100 ms MarkObjects: 2.434400 ms  DeleteObjects: 0.679500 ms)

========================================================================
Received Import Request.
  path: Assets
  artifactKey: Guid(00000000000000001000000000000000) Importer(815301076,1909f56bfc062723c751e8b465ee728b)
Start importing Assets using Guid(00000000000000001000000000000000) Importer(815301076,1909f56bfc062723c751e8b465ee728b)  -> (artifact id: '025e4f587c23674256bb898581e82961') in 0.012789 seconds
  Import took 0.061154 seconds .

========================================================================
Received Import Request.
  Time since last request: 0.000339 seconds.
  path: Assets/New Terrain.asset
  artifactKey: Guid(e00fd1eb73aa37749b1528577f0cf72c) Importer(815301076,1909f56bfc062723c751e8b465ee728b)
Start importing Assets/New Terrain.asset using Guid(e00fd1eb73aa37749b1528577f0cf72c) Importer(815301076,1909f56bfc062723c751e8b465ee728b)  -> (artifact id: '1f176c8dd080dd8dd28671fbc93c5cb5') in 0.151672 seconds
  Import took 0.160708 seconds .

========================================================================
Received Import Request.
  Time since last request: 6.658507 seconds.
  path: Assets/Script
  artifactKey: Guid(d7241e7878524e7488c7a766361e9251) Importer(815301076,1909f56bfc062723c751e8b465ee728b)
Start importing Assets/Script using Guid(d7241e7878524e7488c7a766361e9251) Importer(815301076,1909f56bfc062723c751e8b465ee728b)  -> (artifact id: 'ce54872f34ef6e374bd02d30a96810bd') in 0.007240 seconds
  Import took 0.034790 seconds .

========================================================================
Received Prepare
Registering precompiled user dll's ...
Registered in 0.000759 seconds.
Begin MonoManager ReloadAssembly
Native extension for WindowsStandalone target not found
Refreshing native plugins compatible for Editor in 0.22 ms, found 0 plugins.
Preloading 0 native plugins for Editor in 0.00 ms.
Mono: successfully reloaded assembly
- Completed reload, in  0.798 seconds
Platform modules already initialized, skipping
Refreshing native plugins compatible for Editor in 0.23 ms, found 0 plugins.
Preloading 0 native plugins for Editor in 0.00 ms.
Unloading 1166 Unused Serialized files (Serialized files now loaded: 0)
System memory in use before: 83.5 MB.
System memory in use after: 83.2 MB.

Unloading 7 unused Assets to reduce memory usage. Loaded Objects now: 1714.
Total: 2.019300 ms (FindLiveObjects: 0.214700 ms CreateObjectMapping: 0.058600 ms MarkObjects: 1.429700 ms  DeleteObjects: 0.315000 ms)

========================================================================
Received Import Request.
  Time since last request: 34.838144 seconds.
  path: Assets/Script/FollowCamera.cs
  artifactKey: Guid(75de8b1032f96eb4db3cec5baaf51c99) Importer(815301076,1909f56bfc062723c751e8b465ee728b)
Start importing Assets/Script/FollowCamera.cs using Guid(75de8b1032f96eb4db3cec5baaf51c99) Importer(815301076,1909f56bfc062723c751e8b465ee728b)  -> (artifact id: '5c64de4fc57e5b13fdab6e6394d1092e') in 0.016823 seconds
  Import took 0.051458 seconds .

========================================================================
Received Import Request.
  Time since last request: 0.521401 seconds.
  path: Assets/Script/FollowCamera.cs
  artifactKey: Guid(75de8b1032f96eb4db3cec5baaf51c99) Importer(815301076,1909f56bfc062723c751e8b465ee728b)
Start importing Assets/Script/FollowCamera.cs using Guid(75de8b1032f96eb4db3cec5baaf51c99) Importer(815301076,1909f56bfc062723c751e8b465ee728b)  -> (artifact id: '5c64de4fc57e5b13fdab6e6394d1092e') in 0.002083 seconds
  Import took 0.004564 seconds .

========================================================================
Received Prepare
Registering precompiled user dll's ...
Registered in 0.001381 seconds.
Begin MonoManager ReloadAssembly
Native extension for WindowsStandalone target not found
Refreshing native plugins compatible for Editor in 0.26 ms, found 0 plugins.
Preloading 0 native plugins for Editor in 0.00 ms.
Mono: successfully reloaded assembly
- Completed reload, in  1.154 seconds
Platform modules already initialized, skipping
Refreshing native plugins compatible for Editor in 0.22 ms, found 0 plugins.
Preloading 0 native plugins for Editor in 0.00 ms.
Unloading 1166 Unused Serialized files (Serialized files now loaded: 0)
System memory in use before: 83.5 MB.
System memory in use after: 83.2 MB.

Unloading 7 unused Assets to reduce memory usage. Loaded Objects now: 1717.
Total: 2.988300 ms (FindLiveObjects: 0.222600 ms CreateObjectMapping: 0.070600 ms MarkObjects: 2.298100 ms  DeleteObjects: 0.395700 ms)

========================================================================
Received Import Request.
  Time since last request: 73.877240 seconds.
  path: Assets/Script/FollowCamera.cs
  artifactKey: Guid(75de8b1032f96eb4db3cec5baaf51c99) Importer(815301076,1909f56bfc062723c751e8b465ee728b)
Start importing Assets/Script/FollowCamera.cs using Guid(75de8b1032f96eb4db3cec5baaf51c99) Importer(815301076,1909f56bfc062723c751e8b465ee728b)  -> (artifact id: '6950a310b52f78c0e875da402f9e3fe3') in 0.003210 seconds
  Import took 0.117132 seconds .

========================================================================
Received Import Request.
  Time since last request: 11.569210 seconds.
  path: Assets/Script/Move.cs
  artifactKey: Guid(30658332b4f625640a61a059c047622b) Importer(815301076,1909f56bfc062723c751e8b465ee728b)
Start importing Assets/Script/Move.cs using Guid(30658332b4f625640a61a059c047622b) Importer(815301076,1909f56bfc062723c751e8b465ee728b)  -> (artifact id: '9e405036fbe72f14741048e1891d796e') in 0.007521 seconds
  Import took 0.061801 seconds .

========================================================================
Received Prepare
Registering precompiled user dll's ...
Registered in 0.000688 seconds.
Begin MonoManager ReloadAssembly
Native extension for WindowsStandalone target not found
Refreshing native plugins compatible for Editor in 0.36 ms, found 0 plugins.
Preloading 0 native plugins for Editor in 0.00 ms.
Mono: successfully reloaded assembly
- Completed reload, in  2.255 seconds
Platform modules already initialized, skipping
Refreshing native plugins compatible for Editor in 0.69 ms, found 0 plugins.
Preloading 0 native plugins for Editor in 0.00 ms.
Unloading 1166 Unused Serialized files (Serialized files now loaded: 0)
System memory in use before: 83.5 MB.
System memory in use after: 83.2 MB.

Unloading 7 unused Assets to reduce memory usage. Loaded Objects now: 1720.
Total: 4.909500 ms (FindLiveObjects: 0.386800 ms CreateObjectMapping: 0.153500 ms MarkObjects: 3.529200 ms  DeleteObjects: 0.837400 ms)

========================================================================
Received Import Request.
  Time since last request: 99.659706 seconds.
  path: ProjectSettings/TagManager.asset
  artifactKey: Guid(00000000000000003000000000000000) Importer(815301076,1909f56bfc062723c751e8b465ee728b)
Start importing ProjectSettings/TagManager.asset using Guid(00000000000000003000000000000000) Importer(815301076,1909f56bfc062723c751e8b465ee728b)  -> (artifact id: '5cdd425f01cf626211dd37e1af0dc49e') in 0.025236 seconds
  Import took 0.029092 seconds .

========================================================================
Received Prepare
Registering precompiled user dll's ...
Registered in 0.000530 seconds.
Begin MonoManager ReloadAssembly
Native extension for WindowsStandalone target not found
Refreshing native plugins compatible for Editor in 0.22 ms, found 0 plugins.
Preloading 0 native plugins for Editor in 0.00 ms.
Mono: successfully reloaded assembly
- Completed reload, in  1.013 seconds
Platform modules already initialized, skipping
Refreshing native plugins compatible for Editor in 0.31 ms, found 0 plugins.
Preloading 0 native plugins for Editor in 0.00 ms.
Unloading 1167 Unused Serialized files (Serialized files now loaded: 0)
System memory in use before: 83.6 MB.
System memory in use after: 83.3 MB.

Unloading 8 unused Assets to reduce memory usage. Loaded Objects now: 1724.
Total: 2.904000 ms (FindLiveObjects: 0.212700 ms CreateObjectMapping: 0.065800 ms MarkObjects: 2.247700 ms  DeleteObjects: 0.376000 ms)

========================================================================
Received Prepare
Registering precompiled user dll's ...
Registered in 0.000480 seconds.
Begin MonoManager ReloadAssembly
Native extension for WindowsStandalone target not found
Refreshing native plugins compatible for Editor in 0.27 ms, found 0 plugins.
Preloading 0 native plugins for Editor in 0.00 ms.
Mono: successfully reloaded assembly
- Completed reload, in  1.008 seconds
Platform modules already initialized, skipping
Script is not up to date after domain reload: guid(9e06e0c43bad60843a5215cd2eaecc69) path("Assets/Script/PlayerRot.cs") state(2)
Refreshing native plugins compatible for Editor in 0.60 ms, found 0 plugins.
Preloading 0 native plugins for Editor in 0.00 ms.
Unloading 1167 Unused Serialized files (Serialized files now loaded: 0)
System memory in use before: 83.6 MB.
System memory in use after: 83.3 MB.

Unloading 7 unused Assets to reduce memory usage. Loaded Objects now: 1727.
Total: 2.573700 ms (FindLiveObjects: 0.192200 ms CreateObjectMapping: 0.052900 ms MarkObjects: 1.839200 ms  DeleteObjects: 0.487100 ms)

========================================================================
Received Import Request.
  Time since last request: 129.909703 seconds.
  path: Assets/Script/PlayerRot.cs
  artifactKey: Guid(9e06e0c43bad60843a5215cd2eaecc69) Importer(815301076,1909f56bfc062723c751e8b465ee728b)
Start importing Assets/Script/PlayerRot.cs using Guid(9e06e0c43bad60843a5215cd2eaecc69) Importer(815301076,1909f56bfc062723c751e8b465ee728b)  -> (artifact id: '8488a01d8f5fb5b6df7c7d6d116045d1') in 0.008053 seconds
  Import took 0.030195 seconds .

========================================================================
Received Prepare
Registering precompiled user dll's ...
Registered in 0.000579 seconds.
Begin MonoManager ReloadAssembly
Native extension for WindowsStandalone target not found
Refreshing native plugins compatible for Editor in 0.22 ms, found 0 plugins.
Preloading 0 native plugins for Editor in 0.00 ms.
Mono: successfully reloaded assembly
- Completed reload, in  0.788 seconds
Platform modules already initialized, skipping
Refreshing native plugins compatible for Editor in 0.22 ms, found 0 plugins.
Preloading 0 native plugins for Editor in 0.00 ms.
Unloading 1169 Unused Serialized files (Serialized files now loaded: 0)
System memory in use before: 83.6 MB.
System memory in use after: 83.3 MB.

Unloading 7 unused Assets to reduce memory usage. Loaded Objects now: 1732.
Total: 2.169600 ms (FindLiveObjects: 0.161400 ms CreateObjectMapping: 0.045700 ms MarkObjects: 1.598100 ms  DeleteObjects: 0.363200 ms)

========================================================================
Received Import Request.
  Time since last request: 121.986335 seconds.
  path: Assets/Script/CamRot.cs
  artifactKey: Guid(920347e39411ae445a697ec3c384cf99) Importer(815301076,1909f56bfc062723c751e8b465ee728b)
Start importing Assets/Script/CamRot.cs using Guid(920347e39411ae445a697ec3c384cf99) Importer(815301076,1909f56bfc062723c751e8b465ee728b)  -> (artifact id: '462c132d3923126419dd072fef90c2ce') in 0.008336 seconds
  Import took 0.010412 seconds .

========================================================================
Received Import Request.
  Time since last request: 0.000539 seconds.
  path: Assets/Script/CamRot.cs
  artifactKey: Guid(920347e39411ae445a697ec3c384cf99) Importer(815301076,1909f56bfc062723c751e8b465ee728b)
Start importing Assets/Script/CamRot.cs using Guid(920347e39411ae445a697ec3c384cf99) Importer(815301076,1909f56bfc062723c751e8b465ee728b)  -> (artifact id: '462c132d3923126419dd072fef90c2ce') in 0.001680 seconds
  Import took 0.005729 seconds .

========================================================================
Received Prepare
Registering precompiled user dll's ...
Registered in 0.000562 seconds.
Begin MonoManager ReloadAssembly
Native extension for WindowsStandalone target not found
Refreshing native plugins compatible for Editor in 0.33 ms, found 0 plugins.
Preloading 0 native plugins for Editor in 0.00 ms.
Mono: successfully reloaded assembly
- Completed reload, in  0.823 seconds
Platform modules already initialized, skipping
Refreshing native plugins compatible for Editor in 0.22 ms, found 0 plugins.
Preloading 0 native plugins for Editor in 0.00 ms.
Unloading 1169 Unused Serialized files (Serialized files now loaded: 0)
System memory in use before: 83.6 MB.
System memory in use after: 83.3 MB.

Unloading 7 unused Assets to reduce memory usage. Loaded Objects now: 1735.
Total: 2.156500 ms (FindLiveObjects: 0.146200 ms CreateObjectMapping: 0.042800 ms MarkObjects: 1.608400 ms  DeleteObjects: 0.358000 ms)

========================================================================
Received Import Request.
  Time since last request: 59.221839 seconds.
  path: Assets/Script/PlayerMove.cs
  artifactKey: Guid(a8e71985387b9c747a69a1befef48462) Importer(815301076,1909f56bfc062723c751e8b465ee728b)
Start importing Assets/Script/PlayerMove.cs using Guid(a8e71985387b9c747a69a1befef48462) Importer(815301076,1909f56bfc062723c751e8b465ee728b)  -> (artifact id: 'c40b13251fbffe4ccac231e70402ee39') in 0.010549 seconds
  Import took 0.337018 seconds .

========================================================================
Received Prepare
Registering precompiled user dll's ...
Registered in 0.000548 seconds.
Begin MonoManager ReloadAssembly
Native extension for WindowsStandalone target not found
Refreshing native plugins compatible for Editor in 0.23 ms, found 0 plugins.
Preloading 0 native plugins for Editor in 0.00 ms.
Mono: successfully reloaded assembly
- Completed reload, in  0.776 seconds
Platform modules already initialized, skipping
Refreshing native plugins compatible for Editor in 0.24 ms, found 0 plugins.
Preloading 0 native plugins for Editor in 0.00 ms.
Unloading 1169 Unused Serialized files (Serialized files now loaded: 0)
System memory in use before: 83.6 MB.
System memory in use after: 83.3 MB.

Unloading 7 unused Assets to reduce memory usage. Loaded Objects now: 1738.
Total: 2.271400 ms (FindLiveObjects: 0.223000 ms CreateObjectMapping: 0.049700 ms MarkObjects: 1.615900 ms  DeleteObjects: 0.381700 ms)

========================================================================
Received Prepare
Registering precompiled user dll's ...
Registered in 0.000647 seconds.
Begin MonoManager ReloadAssembly
Native extension for WindowsStandalone target not found
Refreshing native plugins compatible for Editor in 0.28 ms, found 0 plugins.
Preloading 0 native plugins for Editor in 0.00 ms.
Mono: successfully reloaded assembly
- Completed reload, in  1.169 seconds
Platform modules already initialized, skipping
Refreshing native plugins compatible for Editor in 0.27 ms, found 0 plugins.
Preloading 0 native plugins for Editor in 0.00 ms.
Unloading 1170 Unused Serialized files (Serialized files now loaded: 0)
System memory in use before: 83.6 MB.
System memory in use after: 83.4 MB.

Unloading 7 unused Assets to reduce memory usage. Loaded Objects now: 1742.
Total: 2.971700 ms (FindLiveObjects: 0.418200 ms CreateObjectMapping: 0.096400 ms MarkObjects: 1.911900 ms  DeleteObjects: 0.540900 ms)

========================================================================
Received Prepare
Registering precompiled user dll's ...
Registered in 0.000672 seconds.
Begin MonoManager ReloadAssembly
Native extension for WindowsStandalone target not found
Refreshing native plugins compatible for Editor in 0.33 ms, found 0 plugins.
Preloading 0 native plugins for Editor in 0.00 ms.
Mono: successfully reloaded assembly
- Completed reload, in  1.040 seconds
Platform modules already initialized, skipping
Refreshing native plugins compatible for Editor in 0.24 ms, found 0 plugins.
Preloading 0 native plugins for Editor in 0.00 ms.
Unloading 1170 Unused Serialized files (Serialized files now loaded: 0)
System memory in use before: 83.6 MB.
System memory in use after: 83.4 MB.

Unloading 7 unused Assets to reduce memory usage. Loaded Objects now: 1745.
Total: 3.439500 ms (FindLiveObjects: 0.323000 ms CreateObjectMapping: 0.103800 ms MarkObjects: 2.463700 ms  DeleteObjects: 0.547500 ms)

========================================================================
Received Import Request.
  Time since last request: 273.030297 seconds.
  path: Assets/Script/CamFollow.cs
  artifactKey: Guid(1660e109a7d9d0b4eb0ee85791acbbe8) Importer(815301076,1909f56bfc062723c751e8b465ee728b)
Start importing Assets/Script/CamFollow.cs using Guid(1660e109a7d9d0b4eb0ee85791acbbe8) Importer(815301076,1909f56bfc062723c751e8b465ee728b)  -> (artifact id: '25f4e457e5778f9d8623050132af7b3a') in 0.010688 seconds
  Import took 0.060264 seconds .

========================================================================
Received Prepare
Registering precompiled user dll's ...
Registered in 0.001179 seconds.
Begin MonoManager ReloadAssembly
Native extension for WindowsStandalone target not found
Refreshing native plugins compatible for Editor in 0.39 ms, found 0 plugins.
Preloading 0 native plugins for Editor in 0.00 ms.
Mono: successfully reloaded assembly
- Completed reload, in  0.911 seconds
Platform modules already initialized, skipping
Refreshing native plugins compatible for Editor in 0.24 ms, found 0 plugins.
Preloading 0 native plugins for Editor in 0.00 ms.
Unloading 1170 Unused Serialized files (Serialized files now loaded: 0)
System memory in use before: 83.7 MB.
System memory in use after: 83.4 MB.

Unloading 7 unused Assets to reduce memory usage. Loaded Objects now: 1748.
Total: 2.132400 ms (FindLiveObjects: 0.201600 ms CreateObjectMapping: 0.069000 ms MarkObjects: 1.491300 ms  DeleteObjects: 0.368900 ms)

========================================================================
Received Import Request.
  Time since last request: 275.596209 seconds.
  path: Assets/Script/FollowCamera.cs
  artifactKey: Guid(75de8b1032f96eb4db3cec5baaf51c99) Importer(815301076,1909f56bfc062723c751e8b465ee728b)
Start importing Assets/Script/FollowCamera.cs using Guid(75de8b1032f96eb4db3cec5baaf51c99) Importer(815301076,1909f56bfc062723c751e8b465ee728b)  -> (artifact id: '6ad58a33a6bbec46057de9fc3a75618b') in 0.005779 seconds
  Import took 0.047399 seconds .

========================================================================
Received Prepare
Registering precompiled user dll's ...
Registered in 0.000532 seconds.
Begin MonoManager ReloadAssembly
Native extension for WindowsStandalone target not found
Refreshing native plugins compatible for Editor in 0.22 ms, found 0 plugins.
Preloading 0 native plugins for Editor in 0.00 ms.
Mono: successfully reloaded assembly
- Completed reload, in  0.819 seconds
Platform modules already initialized, skipping
Refreshing native plugins compatible for Editor in 0.21 ms, found 0 plugins.
Preloading 0 native plugins for Editor in 0.00 ms.
Unloading 1170 Unused Serialized files (Serialized files now loaded: 0)
System memory in use before: 83.7 MB.
System memory in use after: 83.4 MB.

Unloading 7 unused Assets to reduce memory usage. Loaded Objects now: 1751.
Total: 2.326900 ms (FindLiveObjects: 0.193000 ms CreateObjectMapping: 0.053700 ms MarkObjects: 1.699100 ms  DeleteObjects: 0.379900 ms)

========================================================================
Received Prepare
Registering precompiled user dll's ...
Registered in 0.000925 seconds.
Begin MonoManager ReloadAssembly
Native extension for WindowsStandalone target not found
Refreshing native plugins compatible for Editor in 0.27 ms, found 0 plugins.
Preloading 0 native plugins for Editor in 0.00 ms.
Mono: successfully reloaded assembly
- Completed reload, in  1.463 seconds
Platform modules already initialized, skipping
Refreshing native plugins compatible for Editor in 0.42 ms, found 0 plugins.
Preloading 0 native plugins for Editor in 0.00 ms.
Unloading 1169 Unused Serialized files (Serialized files now loaded: 0)
System memory in use before: 83.6 MB.
System memory in use after: 83.4 MB.

Unloading 8 unused Assets to reduce memory usage. Loaded Objects now: 1753.
Total: 2.964300 ms (FindLiveObjects: 0.351200 ms CreateObjectMapping: 0.209000 ms MarkObjects: 1.953600 ms  DeleteObjects: 0.448800 ms)

========================================================================
Received Prepare
Registering precompiled user dll's ...
Registered in 0.000665 seconds.
Begin MonoManager ReloadAssembly
Native extension for WindowsStandalone target not found
Refreshing native plugins compatible for Editor in 0.27 ms, found 0 plugins.
Preloading 0 native plugins for Editor in 0.00 ms.
Mono: successfully reloaded assembly
- Completed reload, in  1.295 seconds
Platform modules already initialized, skipping
Refreshing native plugins compatible for Editor in 0.28 ms, found 0 plugins.
Preloading 0 native plugins for Editor in 0.00 ms.
Unloading 1169 Unused Serialized files (Serialized files now loaded: 0)
System memory in use before: 83.6 MB.
System memory in use after: 83.4 MB.

Unloading 7 unused Assets to reduce memory usage. Loaded Objects now: 1756.
Total: 2.719300 ms (FindLiveObjects: 0.248800 ms CreateObjectMapping: 0.066200 ms MarkObjects: 1.943100 ms  DeleteObjects: 0.459800 ms)

========================================================================
Received Prepare
Registering precompiled user dll's ...
Registered in 0.000638 seconds.
Begin MonoManager ReloadAssembly
Native extension for WindowsStandalone target not found
Refreshing native plugins compatible for Editor in 0.34 ms, found 0 plugins.
Preloading 0 native plugins for Editor in 0.00 ms.
Mono: successfully reloaded assembly
- Completed reload, in  0.973 seconds
Platform modules already initialized, skipping
Refreshing native plugins compatible for Editor in 0.26 ms, found 0 plugins.
Preloading 0 native plugins for Editor in 0.00 ms.
Unloading 1170 Unused Serialized files (Serialized files now loaded: 0)
System memory in use before: 83.7 MB.
System memory in use after: 83.4 MB.

Unloading 7 unused Assets to reduce memory usage. Loaded Objects now: 1760.
Total: 2.356100 ms (FindLiveObjects: 0.175600 ms CreateObjectMapping: 0.047600 ms MarkObjects: 1.667000 ms  DeleteObjects: 0.464400 ms)

========================================================================
Received Prepare
Registering precompiled user dll's ...
Registered in 0.000615 seconds.
Begin MonoManager ReloadAssembly
Native extension for WindowsStandalone target not found
Refreshing native plugins compatible for Editor in 0.22 ms, found 0 plugins.
Preloading 0 native plugins for Editor in 0.00 ms.
Mono: successfully reloaded assembly
- Completed reload, in  0.956 seconds
Platform modules already initialized, skipping
Refreshing native plugins compatible for Editor in 0.32 ms, found 0 plugins.
Preloading 0 native plugins for Editor in 0.00 ms.
Unloading 1170 Unused Serialized files (Serialized files now loaded: 0)
System memory in use before: 83.7 MB.
System memory in use after: 83.4 MB.

Unloading 7 unused Assets to reduce memory usage. Loaded Objects now: 1763.
Total: 4.461800 ms (FindLiveObjects: 0.603400 ms CreateObjectMapping: 0.152900 ms MarkObjects: 2.982400 ms  DeleteObjects: 0.720600 ms)

========================================================================
Received Prepare
Registering precompiled user dll's ...
Registered in 0.000656 seconds.
Begin MonoManager ReloadAssembly
Native extension for WindowsStandalone target not found
Refreshing native plugins compatible for Editor in 0.33 ms, found 0 plugins.
Preloading 0 native plugins for Editor in 0.00 ms.
Mono: successfully reloaded assembly
- Completed reload, in  1.642 seconds
Platform modules already initialized, skipping
Refreshing native plugins compatible for Editor in 0.26 ms, found 0 plugins.
Preloading 0 native plugins for Editor in 0.00 ms.
Unloading 1169 Unused Serialized files (Serialized files now loaded: 0)
System memory in use before: 83.7 MB.
System memory in use after: 83.4 MB.

Unloading 8 unused Assets to reduce memory usage. Loaded Objects now: 1765.
Total: 2.343700 ms (FindLiveObjects: 0.260500 ms CreateObjectMapping: 0.080800 ms MarkObjects: 1.559200 ms  DeleteObjects: 0.441800 ms)

========================================================================
Received Prepare
Registering precompiled user dll's ...
Registered in 0.000650 seconds.
Begin MonoManager ReloadAssembly
Native extension for WindowsStandalone target not found
Refreshing native plugins compatible for Editor in 0.27 ms, found 0 plugins.
Preloading 0 native plugins for Editor in 0.00 ms.
Mono: successfully reloaded assembly
- Completed reload, in  1.023 seconds
Platform modules already initialized, skipping
Refreshing native plugins compatible for Editor in 0.43 ms, found 0 plugins.
Preloading 0 native plugins for Editor in 0.00 ms.
Unloading 1169 Unused Serialized files (Serialized files now loaded: 0)
System memory in use before: 83.7 MB.
System memory in use after: 83.4 MB.

Unloading 7 unused Assets to reduce memory usage. Loaded Objects now: 1768.
Total: 3.366700 ms (FindLiveObjects: 0.310900 ms CreateObjectMapping: 0.072300 ms MarkObjects: 2.430800 ms  DeleteObjects: 0.551100 ms)

========================================================================
Received Prepare
Registering precompiled user dll's ...
Registered in 0.000615 seconds.
Begin MonoManager ReloadAssembly
Native extension for WindowsStandalone target not found
Refreshing native plugins compatible for Editor in 0.23 ms, found 0 plugins.
Preloading 0 native plugins for Editor in 0.00 ms.
Mono: successfully reloaded assembly
- Completed reload, in  0.887 seconds
Platform modules already initialized, skipping
Refreshing native plugins compatible for Editor in 0.38 ms, found 0 plugins.
Preloading 0 native plugins for Editor in 0.00 ms.
Unloading 1169 Unused Serialized files (Serialized files now loaded: 0)
System memory in use before: 83.7 MB.
System memory in use after: 83.4 MB.

Unloading 7 unused Assets to reduce memory usage. Loaded Objects now: 1771.
Total: 3.286700 ms (FindLiveObjects: 0.252300 ms CreateObjectMapping: 0.080300 ms MarkObjects: 2.379900 ms  DeleteObjects: 0.572900 ms)

========================================================================
Received Prepare
Registering precompiled user dll's ...
Registered in 0.000606 seconds.
Begin MonoManager ReloadAssembly
Native extension for WindowsStandalone target not found
Refreshing native plugins compatible for Editor in 0.34 ms, found 0 plugins.
Preloading 0 native plugins for Editor in 0.00 ms.
Mono: successfully reloaded assembly
- Completed reload, in  0.798 seconds
Platform modules already initialized, skipping
Refreshing native plugins compatible for Editor in 0.30 ms, found 0 plugins.
Preloading 0 native plugins for Editor in 0.00 ms.
Unloading 1169 Unused Serialized files (Serialized files now loaded: 0)
System memory in use before: 83.7 MB.
System memory in use after: 83.4 MB.

Unloading 7 unused Assets to reduce memory usage. Loaded Objects now: 1774.
Total: 2.606000 ms (FindLiveObjects: 0.214600 ms CreateObjectMapping: 0.059400 ms MarkObjects: 1.946000 ms  DeleteObjects: 0.384600 ms)

========================================================================
Received Prepare
Registering precompiled user dll's ...
Registered in 0.000648 seconds.
Begin MonoManager ReloadAssembly
Native extension for WindowsStandalone target not found
Refreshing native plugins compatible for Editor in 0.25 ms, found 0 plugins.
Preloading 0 native plugins for Editor in 0.00 ms.
Mono: successfully reloaded assembly
- Completed reload, in  0.766 seconds
Platform modules already initialized, skipping
Refreshing native plugins compatible for Editor in 0.21 ms, found 0 plugins.
Preloading 0 native plugins for Editor in 0.00 ms.
Unloading 1169 Unused Serialized files (Serialized files now loaded: 0)
System memory in use before: 83.5 MB.
System memory in use after: 83.2 MB.

Unloading 7 unused Assets to reduce memory usage. Loaded Objects now: 1777.
Total: 2.256600 ms (FindLiveObjects: 0.161900 ms CreateObjectMapping: 0.048800 ms MarkObjects: 1.611000 ms  DeleteObjects: 0.433900 ms)

========================================================================
Received Prepare
Registering precompiled user dll's ...
Registered in 0.000965 seconds.
Begin MonoManager ReloadAssembly
Native extension for WindowsStandalone target not found
Refreshing native plugins compatible for Editor in 0.22 ms, found 0 plugins.
Preloading 0 native plugins for Editor in 0.00 ms.
Mono: successfully reloaded assembly
- Completed reload, in  0.915 seconds
Platform modules already initialized, skipping
Refreshing native plugins compatible for Editor in 0.25 ms, found 0 plugins.
Preloading 0 native plugins for Editor in 0.00 ms.
Unloading 1169 Unused Serialized files (Serialized files now loaded: 0)
System memory in use before: 83.5 MB.
System memory in use after: 83.2 MB.

Unloading 7 unused Assets to reduce memory usage. Loaded Objects now: 1780.
Total: 2.690900 ms (FindLiveObjects: 0.428900 ms CreateObjectMapping: 0.207800 ms MarkObjects: 1.493300 ms  DeleteObjects: 0.559200 ms)

========================================================================
Received Prepare
Registering precompiled user dll's ...
Registered in 0.000554 seconds.
Begin MonoManager ReloadAssembly
Native extension for WindowsStandalone target not found
Refreshing native plugins compatible for Editor in 0.22 ms, found 0 plugins.
Preloading 0 native plugins for Editor in 0.00 ms.
Mono: successfully reloaded assembly
- Completed reload, in  0.821 seconds
Platform modules already initialized, skipping
Refreshing native plugins compatible for Editor in 0.30 ms, found 0 plugins.
Preloading 0 native plugins for Editor in 0.00 ms.
Unloading 1168 Unused Serialized files (Serialized files now loaded: 0)
System memory in use before: 83.5 MB.
System memory in use after: 83.2 MB.

Unloading 8 unused Assets to reduce memory usage. Loaded Objects now: 1782.
Total: 2.392600 ms (FindLiveObjects: 0.207700 ms CreateObjectMapping: 0.041200 ms MarkObjects: 1.741700 ms  DeleteObjects: 0.400400 ms)

========================================================================
Received Import Request.
  Time since last request: 1385.326988 seconds.
  path: Assets/Script/CamRot.cs
  artifactKey: Guid(920347e39411ae445a697ec3c384cf99) Importer(815301076,1909f56bfc062723c751e8b465ee728b)
Start importing Assets/Script/CamRot.cs using Guid(920347e39411ae445a697ec3c384cf99) Importer(815301076,1909f56bfc062723c751e8b465ee728b)  -> (artifact id: '1a7552bdb5b292752b0564697a67ceef') in 0.003358 seconds
  Import took 0.046134 seconds .

========================================================================
Received Prepare
Registering precompiled user dll's ...
Registered in 0.000521 seconds.
Begin MonoManager ReloadAssembly
Native extension for WindowsStandalone target not found
Refreshing native plugins compatible for Editor in 0.22 ms, found 0 plugins.
Preloading 0 native plugins for Editor in 0.00 ms.
Mono: successfully reloaded assembly
- Completed reload, in  0.774 seconds
Platform modules already initialized, skipping
Refreshing native plugins compatible for Editor in 0.21 ms, found 0 plugins.
Preloading 0 native plugins for Editor in 0.00 ms.
Unloading 1164 Unused Serialized files (Serialized files now loaded: 0)
System memory in use before: 83.4 MB.
System memory in use after: 83.1 MB.

Unloading 11 unused Assets to reduce memory usage. Loaded Objects now: 1781.
Total: 2.340600 ms (FindLiveObjects: 0.290400 ms CreateObjectMapping: 0.114200 ms MarkObjects: 1.525300 ms  DeleteObjects: 0.409700 ms)

AssetImportWorkerClient::OnTransportError - code=2 error=End of file
